0 info it worked if it ends with ok
1 verbose cli [ '/usr/bin/node', '/usr/bin/npm', 'install', '-g', 'less' ]
2 info using npm@1.4.28
3 info using node@v0.10.33
4 verbose node symlink /usr/bin/node
5 verbose cache add [ 'less', null ]
6 verbose cache add name=undefined spec="less" args=["less",null]
7 verbose parsed url { protocol: null,
7 verbose parsed url   slashes: null,
7 verbose parsed url   auth: null,
7 verbose parsed url   host: null,
7 verbose parsed url   port: null,
7 verbose parsed url   hostname: null,
7 verbose parsed url   hash: null,
7 verbose parsed url   search: null,
7 verbose parsed url   query: null,
7 verbose parsed url   pathname: 'less',
7 verbose parsed url   path: 'less',
7 verbose parsed url   href: 'less' }
8 silly lockFile 0b439cf4-less less
9 verbose lock less /home/ingrid/.npm/0b439cf4-less.lock
10 silly lockFile 0b439cf4-less less
11 silly lockFile 0b439cf4-less less
12 verbose addNamed [ 'less', '' ]
13 verbose addNamed [ null, '*' ]
14 silly lockFile e13833ab-less less@
15 verbose lock less@ /home/ingrid/.npm/e13833ab-less.lock
16 silly addNameRange { name: 'less', range: '*', hasData: false }
17 verbose request where is /less
18 verbose request registry https://registry.npmjs.org/
19 verbose request id 87741735699b110d
20 verbose url raw /less
21 verbose url resolving [ 'https://registry.npmjs.org/', './less' ]
22 verbose url resolved https://registry.npmjs.org/less
23 verbose request where is https://registry.npmjs.org/less
24 info trying registry request attempt 1 at 11:57:52
25 http GET https://registry.npmjs.org/less
26 http 200 https://registry.npmjs.org/less
27 silly registry.get cb [ 200,
27 silly registry.get   { date: 'Mon, 26 Jan 2015 16:27:54 GMT',
27 silly registry.get     server: 'CouchDB/1.5.0 (Erlang OTP/R16B03)',
27 silly registry.get     etag: '"1AMGXJGQ5NIVHRL2MGK0E6L18"',
27 silly registry.get     'content-type': 'application/json',
27 silly registry.get     'cache-control': 'max-age=60',
27 silly registry.get     'content-length': '81962',
27 silly registry.get     'accept-ranges': 'bytes',
27 silly registry.get     via: '1.1 varnish',
27 silly registry.get     age: '0',
27 silly registry.get     'x-served-by': 'cache-jfk1023-JFK',
27 silly registry.get     'x-cache': 'HIT',
27 silly registry.get     'x-cache-hits': '1',
27 silly registry.get     'x-timer': 'S1422289673.732258,VS0,VE347',
27 silly registry.get     vary: 'Accept',
27 silly registry.get     'keep-alive': 'timeout=10, max=50',
27 silly registry.get     connection: 'Keep-Alive' } ]
28 silly addNameRange number 2 { name: 'less', range: '*', hasData: true }
29 silly addNameRange versions [ 'less',
29 silly addNameRange   [ '1.0.10',
29 silly addNameRange     '1.0.11',
29 silly addNameRange     '1.0.14',
29 silly addNameRange     '1.0.18',
29 silly addNameRange     '1.0.19',
29 silly addNameRange     '1.0.21',
29 silly addNameRange     '1.0.32',
29 silly addNameRange     '1.0.36',
29 silly addNameRange     '1.0.5',
29 silly addNameRange     '1.0.40',
29 silly addNameRange     '1.0.41',
29 silly addNameRange     '1.0.44',
29 silly addNameRange     '1.1.0',
29 silly addNameRange     '1.1.1',
29 silly addNameRange     '1.1.2',
29 silly addNameRange     '1.1.4',
29 silly addNameRange     '1.1.5',
29 silly addNameRange     '1.1.6',
29 silly addNameRange     '1.2.0',
29 silly addNameRange     '1.2.1',
29 silly addNameRange     '1.2.2',
29 silly addNameRange     '1.3.0',
29 silly addNameRange     '1.3.1',
29 silly addNameRange     '1.3.2',
29 silly addNameRange     '1.3.3',
29 silly addNameRange     '1.4.0-b1',
29 silly addNameRange     '1.4.0-b2',
29 silly addNameRange     '1.4.0-b3',
29 silly addNameRange     '1.4.0-b4',
29 silly addNameRange     '1.4.0',
29 silly addNameRange     '1.4.1',
29 silly addNameRange     '1.4.2',
29 silly addNameRange     '1.5.0-b1',
29 silly addNameRange     '1.5.0-b2',
29 silly addNameRange     '1.5.0-b3',
29 silly addNameRange     '1.5.0-b4',
29 silly addNameRange     '1.5.0',
29 silly addNameRange     '1.5.1',
29 silly addNameRange     '1.6.0',
29 silly addNameRange     '1.6.1',
29 silly addNameRange     '1.6.2',
29 silly addNameRange     '1.6.3',
29 silly addNameRange     '1.7.0',
29 silly addNameRange     '1.7.1',
29 silly addNameRange     '1.7.3',
29 silly addNameRange     '1.7.4',
29 silly addNameRange     '1.7.5',
29 silly addNameRange     '2.0.0-b1',
29 silly addNameRange     '2.0.0-b2',
29 silly addNameRange     '2.0.0-b3',
29 silly addNameRange     '2.0.0',
29 silly addNameRange     '2.1.0',
29 silly addNameRange     '2.1.1',
29 silly addNameRange     '2.1.2',
29 silly addNameRange     '2.2.0' ] ]
30 verbose addNamed [ 'less', '2.2.0' ]
31 verbose addNamed [ '2.2.0', '2.2.0' ]
32 silly lockFile 629b48e1-less-2-2-0 less@2.2.0
33 verbose lock less@2.2.0 /home/ingrid/.npm/629b48e1-less-2-2-0.lock
34 silly lockFile 74e4c5e5-ry-npmjs-org-less-less-2-2-0-tgz https://registry.npmjs.org/less/-/less-2.2.0.tgz
35 verbose lock https://registry.npmjs.org/less/-/less-2.2.0.tgz /home/ingrid/.npm/74e4c5e5-ry-npmjs-org-less-less-2-2-0-tgz.lock
36 verbose addRemoteTarball [ 'https://registry.npmjs.org/less/-/less-2.2.0.tgz',
36 verbose addRemoteTarball   '86eec2cad0e4c2a979929292d15750394056a7af' ]
37 info retry fetch attempt 1 at 11:57:58
38 verbose fetch to= /tmp/npm-25088-zhnRjORS/registry.npmjs.org/less/-/less-2.2.0.tgz
39 http GET https://registry.npmjs.org/less/-/less-2.2.0.tgz
40 http 200 https://registry.npmjs.org/less/-/less-2.2.0.tgz
41 silly lockFile 74e4c5e5-ry-npmjs-org-less-less-2-2-0-tgz https://registry.npmjs.org/less/-/less-2.2.0.tgz
42 silly lockFile 74e4c5e5-ry-npmjs-org-less-less-2-2-0-tgz https://registry.npmjs.org/less/-/less-2.2.0.tgz
43 silly lockFile 629b48e1-less-2-2-0 less@2.2.0
44 silly lockFile 629b48e1-less-2-2-0 less@2.2.0
45 silly lockFile e13833ab-less less@
46 silly lockFile e13833ab-less less@
47 silly resolved [ { name: 'less',
47 silly resolved     version: '2.2.0',
47 silly resolved     description: 'Leaner CSS',
47 silly resolved     homepage: 'http://lesscss.org',
47 silly resolved     author: { name: 'Alexis Sellier', email: 'self@cloudhead.net' },
47 silly resolved     contributors: [ [Object] ],
47 silly resolved     bugs: { url: 'https://github.com/less/less.js/issues' },
47 silly resolved     repository: { type: 'git', url: 'https://github.com/less/less.js.git' },
47 silly resolved     licenses: [ [Object] ],
47 silly resolved     bin: { lessc: './bin/lessc' },
47 silly resolved     main: 'index',
47 silly resolved     directories: { test: './test' },
47 silly resolved     jam: { main: './dist/less.js' },
47 silly resolved     engines: { node: '>=0.10.0' },
47 silly resolved     scripts: { test: 'grunt test' },
47 silly resolved     optionalDependencies:
47 silly resolved      { 'graceful-fs': '^3.0.4',
47 silly resolved        mime: '^1.2.11',
47 silly resolved        request: '^2.48.0',
47 silly resolved        mkdirp: '^0.5.0',
47 silly resolved        'source-map': '^0.1.x',
47 silly resolved        promise: '^6.0.1',
47 silly resolved        'image-size': '~0.3.5' },
47 silly resolved     devDependencies:
47 silly resolved      { diff: '^1.0',
47 silly resolved        grunt: '^0.4.5',
47 silly resolved        'grunt-contrib-clean': '^0.6.0',
47 silly resolved        'grunt-contrib-concat': '^0.5.0',
47 silly resolved        'grunt-contrib-connect': '^0.9.0',
47 silly resolved        'grunt-contrib-jasmine': '^0.8.1',
47 silly resolved        'grunt-contrib-jshint': '^0.10.0',
47 silly resolved        'grunt-contrib-uglify': '^0.6.0',
47 silly resolved        'grunt-shell': '^1.1.1',
47 silly resolved        'grunt-browserify': '^3.2.0',
47 silly resolved        matchdep: '^0.3.0',
47 silly resolved        'time-grunt': '^1.0.0',
47 silly resolved        'grunt-saucelabs': '^8.3.2' },
47 silly resolved     keywords:
47 silly resolved      [ 'compile less',
47 silly resolved        'css nesting',
47 silly resolved        'css variable',
47 silly resolved        'css',
47 silly resolved        'gradients css',
47 silly resolved        'gradients css3',
47 silly resolved        'less compiler',
47 silly resolved        'less css',
47 silly resolved        'less mixins',
47 silly resolved        'less',
47 silly resolved        'less.js',
47 silly resolved        'lesscss',
47 silly resolved        'mixins',
47 silly resolved        'nested css',
47 silly resolved        'parser',
47 silly resolved        'preprocessor',
47 silly resolved        'bootstrap css',
47 silly resolved        'bootstrap less',
47 silly resolved        'style',
47 silly resolved        'styles',
47 silly resolved        'stylesheet',
47 silly resolved        'variables in css',
47 silly resolved        'css less' ],
47 silly resolved     dependencies:
47 silly resolved      { 'graceful-fs': '^3.0.4',
47 silly resolved        mime: '^1.2.11',
47 silly resolved        request: '^2.48.0',
47 silly resolved        mkdirp: '^0.5.0',
47 silly resolved        'source-map': '^0.1.x',
47 silly resolved        promise: '^6.0.1',
47 silly resolved        'image-size': '~0.3.5' },
47 silly resolved     _id: 'less@2.2.0',
47 silly resolved     dist:
47 silly resolved      { shasum: '86eec2cad0e4c2a979929292d15750394056a7af',
47 silly resolved        tarball: 'http://registry.npmjs.org/less/-/less-2.2.0.tgz' },
47 silly resolved     _from: 'less@',
47 silly resolved     _npmVersion: '1.3.24',
47 silly resolved     _npmUser: { name: 'agatronic', email: 'luke.a.page@gmail.com' },
47 silly resolved     maintainers: [ [Object], [Object] ],
47 silly resolved     _shasum: '86eec2cad0e4c2a979929292d15750394056a7af',
47 silly resolved     _resolved: 'https://registry.npmjs.org/less/-/less-2.2.0.tgz' } ]
48 info install less@2.2.0 into /usr/lib
49 info installOne less@2.2.0
50 verbose lib/node_modules/less unbuild
51 verbose tar unpack /home/ingrid/.npm/less/2.2.0/package.tgz
52 silly lockFile c07f1dd4-tar-usr-lib-node-modules-less tar:///usr/lib/node_modules/less
53 verbose lock tar:///usr/lib/node_modules/less /home/ingrid/.npm/c07f1dd4-tar-usr-lib-node-modules-less.lock
54 silly lockFile 197657c4-ngrid-npm-less-2-2-0-package-tgz tar:///home/ingrid/.npm/less/2.2.0/package.tgz
55 verbose lock tar:///home/ingrid/.npm/less/2.2.0/package.tgz /home/ingrid/.npm/197657c4-ngrid-npm-less-2-2-0-package-tgz.lock
56 silly gunzTarPerm modes [ '775', '664' ]
57 error Error: EACCES, mkdir '/usr/lib/node_modules/less'
57 error  { [Error: EACCES, mkdir '/usr/lib/node_modules/less']
57 error   errno: 3,
57 error   code: 'EACCES',
57 error   path: '/usr/lib/node_modules/less',
57 error   fstream_type: 'Directory',
57 error   fstream_path: '/usr/lib/node_modules/less',
57 error   fstream_class: 'DirWriter',
57 error   fstream_stack:
57 error    [ '/usr/lib/node_modules/npm/node_modules/fstream/lib/dir-writer.js:36:23',
57 error      '/usr/lib/node_modules/npm/node_modules/mkdirp/index.js:46:53',
57 error      'Object.oncomplete (fs.js:107:15)' ] }
58 error Please try running this command again as root/Administrator.
59 error System Linux 3.16.0-23-generic
60 error command "/usr/bin/node" "/usr/bin/npm" "install" "-g" "less"
61 error cwd /home/ingrid/Alumnet/alumnet-ui
62 error node -v v0.10.33
63 error npm -v 1.4.28
64 error path /usr/lib/node_modules/less
65 error fstream_path /usr/lib/node_modules/less
66 error fstream_type Directory
67 error fstream_class DirWriter
68 error code EACCES
69 error errno 3
70 error stack Error: EACCES, mkdir '/usr/lib/node_modules/less'
71 error fstream_stack /usr/lib/node_modules/npm/node_modules/fstream/lib/dir-writer.js:36:23
71 error fstream_stack /usr/lib/node_modules/npm/node_modules/mkdirp/index.js:46:53
71 error fstream_stack Object.oncomplete (fs.js:107:15)
72 verbose exit [ 3, true ]
